cl : command line  warning D9035: option 'Gm' has been deprecated and will be removed in a future release
  NiViewer.cpp
C:\Users\timal\OneDrive\Dokumente\Studium\Semester_2.1\3DSMC\project\SOIR\Capturing_Data\NiViewer_modified\glh\glh_extensions.h(189,15): warning C4996: 'strdup': The POSIX name for this item is deprecated. Instead, use the ISO C and C++ conformant name: _strdup. See online help for details.
  (compiling source file 'NiViewer.cpp')
  
  Capture.cpp
C:\Users\timal\OneDrive\Dokumente\Studium\Semester_2.1\3DSMC\project\SOIR\Capturing_Data\NiViewer_modified\Capture.cpp(524,18): warning C4477: 'sprintf' : format string '%d' requires an argument of type 'int', but variadic argument 3 has type 'time_t'
      C:\Users\timal\OneDrive\Dokumente\Studium\Semester_2.1\3DSMC\project\SOIR\Capturing_Data\NiViewer_modified\Capture.cpp(524,18):
      consider using '%lld' in the format string
      C:\Users\timal\OneDrive\Dokumente\Studium\Semester_2.1\3DSMC\project\SOIR\Capturing_Data\NiViewer_modified\Capture.cpp(524,18):
      consider using '%Id' in the format string
      C:\Users\timal\OneDrive\Dokumente\Studium\Semester_2.1\3DSMC\project\SOIR\Capturing_Data\NiViewer_modified\Capture.cpp(524,18):
      consider using '%I64d' in the format string
  
C:\Users\timal\OneDrive\Dokumente\Studium\Semester_2.1\3DSMC\project\SOIR\Capturing_Data\NiViewer_modified\Capture.cpp(533,18): warning C4477: 'sprintf' : format string '%d' requires an argument of type 'int', but variadic argument 3 has type 'time_t'
      C:\Users\timal\OneDrive\Dokumente\Studium\Semester_2.1\3DSMC\project\SOIR\Capturing_Data\NiViewer_modified\Capture.cpp(533,18):
      consider using '%lld' in the format string
      C:\Users\timal\OneDrive\Dokumente\Studium\Semester_2.1\3DSMC\project\SOIR\Capturing_Data\NiViewer_modified\Capture.cpp(533,18):
      consider using '%Id' in the format string
      C:\Users\timal\OneDrive\Dokumente\Studium\Semester_2.1\3DSMC\project\SOIR\Capturing_Data\NiViewer_modified\Capture.cpp(533,18):
      consider using '%I64d' in the format string
  
C:\Users\timal\OneDrive\Dokumente\Studium\Semester_2.1\3DSMC\project\SOIR\Capturing_Data\NiViewer_modified\Capture.cpp(831,5): warning C4551: function call missing argument list
C:\Users\timal\OneDrive\Dokumente\Studium\Semester_2.1\3DSMC\project\SOIR\Capturing_Data\NiViewer_modified\Capture.cpp(874,52): warning C4244: 'argument': conversion from 'XnUInt64' to 'int', possible loss of data
C:\Users\timal\OneDrive\Dokumente\Studium\Semester_2.1\3DSMC\project\SOIR\Capturing_Data\NiViewer_modified\Capture.cpp(875,52): warning C4244: 'argument': conversion from 'XnUInt64' to 'int', possible loss of data
C:\Users\timal\OneDrive\Dokumente\Studium\Semester_2.1\3DSMC\project\SOIR\Capturing_Data\NiViewer_modified\Capture.cpp(880,29): warning C4477: 'sprintf' : format string '%d' requires an argument of type 'int', but variadic argument 1 has type 'time_t'
      C:\Users\timal\OneDrive\Dokumente\Studium\Semester_2.1\3DSMC\project\SOIR\Capturing_Data\NiViewer_modified\Capture.cpp(880,29):
      consider using '%lld' in the format string
      C:\Users\timal\OneDrive\Dokumente\Studium\Semester_2.1\3DSMC\project\SOIR\Capturing_Data\NiViewer_modified\Capture.cpp(880,29):
      consider using '%Id' in the format string
      C:\Users\timal\OneDrive\Dokumente\Studium\Semester_2.1\3DSMC\project\SOIR\Capturing_Data\NiViewer_modified\Capture.cpp(880,29):
      consider using '%I64d' in the format string
  
C:\Users\timal\OneDrive\Dokumente\Studium\Semester_2.1\3DSMC\project\SOIR\Capturing_Data\NiViewer_modified\Capture.cpp(880,29): warning C4477: 'sprintf' : format string '%d' requires an argument of type 'int', but variadic argument 2 has type 'XnUInt64'
      C:\Users\timal\OneDrive\Dokumente\Studium\Semester_2.1\3DSMC\project\SOIR\Capturing_Data\NiViewer_modified\Capture.cpp(880,29):
      consider using '%lld' in the format string
      C:\Users\timal\OneDrive\Dokumente\Studium\Semester_2.1\3DSMC\project\SOIR\Capturing_Data\NiViewer_modified\Capture.cpp(880,29):
      consider using '%Id' in the format string
      C:\Users\timal\OneDrive\Dokumente\Studium\Semester_2.1\3DSMC\project\SOIR\Capturing_Data\NiViewer_modified\Capture.cpp(880,29):
      consider using '%I64d' in the format string
  
C:\Users\timal\OneDrive\Dokumente\Studium\Semester_2.1\3DSMC\project\SOIR\Capturing_Data\NiViewer_modified\Capture.cpp(881,24): warning C4477: 'sprintf' : format string '%d' requires an argument of type 'int', but variadic argument 1 has type 'XnChar *'
C:\Users\timal\OneDrive\Dokumente\Studium\Semester_2.1\3DSMC\project\SOIR\Capturing_Data\NiViewer_modified\Capture.cpp(881,24): warning C4313: 'sprintf': '%d' in format string conflicts with argument 1 of type 'XnChar *'
C:\Users\timal\OneDrive\Dokumente\Studium\Semester_2.1\3DSMC\project\SOIR\Capturing_Data\NiViewer_modified\Capture.cpp(885,30): warning C4477: 'sprintf' : format string '%d' requires an argument of type 'int', but variadic argument 1 has type 'time_t'
      C:\Users\timal\OneDrive\Dokumente\Studium\Semester_2.1\3DSMC\project\SOIR\Capturing_Data\NiViewer_modified\Capture.cpp(885,30):
      consider using '%lld' in the format string
      C:\Users\timal\OneDrive\Dokumente\Studium\Semester_2.1\3DSMC\project\SOIR\Capturing_Data\NiViewer_modified\Capture.cpp(885,30):
      consider using '%Id' in the format string
      C:\Users\timal\OneDrive\Dokumente\Studium\Semester_2.1\3DSMC\project\SOIR\Capturing_Data\NiViewer_modified\Capture.cpp(885,30):
      consider using '%I64d' in the format string
  
C:\Users\timal\OneDrive\Dokumente\Studium\Semester_2.1\3DSMC\project\SOIR\Capturing_Data\NiViewer_modified\Capture.cpp(885,30): warning C4477: 'sprintf' : format string '%d' requires an argument of type 'int', but variadic argument 2 has type 'XnUInt64'
      C:\Users\timal\OneDrive\Dokumente\Studium\Semester_2.1\3DSMC\project\SOIR\Capturing_Data\NiViewer_modified\Capture.cpp(885,30):
      consider using '%lld' in the format string
      C:\Users\timal\OneDrive\Dokumente\Studium\Semester_2.1\3DSMC\project\SOIR\Capturing_Data\NiViewer_modified\Capture.cpp(885,30):
      consider using '%Id' in the format string
      C:\Users\timal\OneDrive\Dokumente\Studium\Semester_2.1\3DSMC\project\SOIR\Capturing_Data\NiViewer_modified\Capture.cpp(885,30):
      consider using '%I64d' in the format string
  
C:\Users\timal\OneDrive\Dokumente\Studium\Semester_2.1\3DSMC\project\SOIR\Capturing_Data\NiViewer_modified\Capture.cpp(886,24): warning C4477: 'sprintf' : format string '%d' requires an argument of type 'int', but variadic argument 1 has type 'XnChar *'
C:\Users\timal\OneDrive\Dokumente\Studium\Semester_2.1\3DSMC\project\SOIR\Capturing_Data\NiViewer_modified\Capture.cpp(886,24): warning C4313: 'sprintf': '%d' in format string conflicts with argument 1 of type 'XnChar *'
  Generating Code...
  Skipping... (no relevant changes detected)
  Draw.cpp
  NiViewer_2010.vcxproj -> C:\Users\timal\OneDrive\Dokumente\Studium\Semester_2.1\3DSMC\project\SOIR\Capturing_Data\Bin64\Debug\NiViewer.exe
  Der Befehl "pwsh.exe" ist entweder falsch geschrieben oder
  konnte nicht gefunden werden.
